0 info it worked if it ends with ok
1 verbose cli [ '/usr/local/bin/node',
1 verbose cli   '/usr/local/bin/npm',
1 verbose cli   'install',
1 verbose cli   '-g',
1 verbose cli   'cordova' ]
2 info using npm@2.14.7
3 info using node@v4.2.1
4 verbose install initial load of /usr/local/lib/package.json
5 verbose readDependencies loading dependencies from /usr/local/lib/package.json
6 silly cache add args [ 'cordova', null ]
7 verbose cache add spec cordova
8 silly cache add parsed spec Result {
8 silly cache add   raw: 'cordova',
8 silly cache add   scope: null,
8 silly cache add   name: 'cordova',
8 silly cache add   rawSpec: '',
8 silly cache add   spec: '*',
8 silly cache add   type: 'range' }
9 silly addNamed cordova@*
10 verbose addNamed "*" is a valid semver range for cordova
11 silly addNameRange { name: 'cordova', range: '*', hasData: false }
12 silly mapToRegistry name cordova
13 silly mapToRegistry using default registry
14 silly mapToRegistry registry https://registry.npmjs.org/
15 silly mapToRegistry uri https://registry.npmjs.org/cordova
16 verbose addNameRange registry:https://registry.npmjs.org/cordova not in flight; fetching
17 verbose request uri https://registry.npmjs.org/cordova
18 verbose request no auth needed
19 info attempt registry request try #1 at 3:12:04 PM
20 verbose request id 8381625cf319cf85
21 verbose etag "AXOH4RM45HWI6GNHRRY41ONJV"
22 http request GET https://registry.npmjs.org/cordova
23 info retry will retry, error on last attempt: Error: connect ETIMEDOUT 103.245.222.162:443
24 info attempt registry request try #2 at 3:13:31 PM
25 verbose etag "AXOH4RM45HWI6GNHRRY41ONJV"
26 http request GET https://registry.npmjs.org/cordova
27 info retry will retry, error on last attempt: Error: connect ETIMEDOUT 103.245.222.162:443
28 info attempt registry request try #3 at 3:15:46 PM
29 verbose etag "AXOH4RM45HWI6GNHRRY41ONJV"
30 http request GET https://registry.npmjs.org/cordova
31 silly get cb [ 304, undefined ]
32 verbose etag https://registry.npmjs.org/cordova from cache
33 verbose get saving cordova to /Users/MAbdulSami/.npm/registry.npmjs.org/cordova/.cache.json
34 silly addNameRange number 2 { name: 'cordova', range: '*', hasData: true }
35 silly addNameRange versions [ 'cordova',
35 silly addNameRange   [ '0.0.1',
35 silly addNameRange     '0.0.2',
35 silly addNameRange     '0.0.3',
35 silly addNameRange     '0.0.4',
35 silly addNameRange     '0.0.5',
35 silly addNameRange     '0.0.6',
35 silly addNameRange     '0.0.7',
35 silly addNameRange     '0.0.8',
35 silly addNameRange     '0.0.9',
35 silly addNameRange     '0.1.0',
35 silly addNameRange     '0.1.1',
35 silly addNameRange     '0.1.2',
35 silly addNameRange     '0.1.3',
35 silly addNameRange     '0.1.4',
35 silly addNameRange     '0.1.5',
35 silly addNameRange     '0.1.6',
35 silly addNameRange     '0.1.7',
35 silly addNameRange     '0.1.8',
35 silly addNameRange     '0.1.9',
35 silly addNameRange     '0.1.10',
35 silly addNameRange     '0.1.11',
35 silly addNameRange     '0.1.12',
35 silly addNameRange     '0.1.13',
35 silly addNameRange     '0.1.14',
35 silly addNameRange     '2.2.0',
35 silly addNameRange     '2.3.0',
35 silly addNameRange     '2.3.1',
35 silly addNameRange     '2.3.2',
35 silly addNameRange     '2.3.3',
35 silly addNameRange     '2.3.5',
35 silly addNameRange     '2.3.6',
35 silly addNameRange     '2.4.0',
35 silly addNameRange     '2.4.1',
35 silly addNameRange     '2.4.2',
35 silly addNameRange     '2.4.3',
35 silly addNameRange     '2.4.4',
35 silly addNameRange     '2.4.5',
35 silly addNameRange     '2.4.6',
35 silly addNameRange     '2.4.7',
35 silly addNameRange     '2.4.8',
35 silly addNameRange     '2.4.9',
35 silly addNameRange     '2.4.10',
35 silly addNameRange     '2.5.0',
35 silly addNameRange     '2.5.2',
35 silly addNameRange     '2.5.3',
35 silly addNameRange     '2.5.4',
35 silly addNameRange     '2.5.5',
35 silly addNameRange     '2.6.0',
35 silly addNameRange     '2.6.1',
35 silly addNameRange     '2.6.2',
35 silly addNameRange     '2.7.0-rc.1',
35 silly addNameRange     '2.7.1-rc.1',
35 silly addNameRange     '2.7.2',
35 silly addNameRange     '2.7.3',
35 silly addNameRange     '2.7.4',
35 silly addNameRange     '2.8.0',
35 silly addNameRange     '2.8.1',
35 silly addNameRange     '2.8.2',
35 silly addNameRange     '2.8.3',
35 silly addNameRange     '2.8.4',
35 silly addNameRange     '2.8.5',
35 silly addNameRange     '2.8.6',
35 silly addNameRange     '2.8.7',
35 silly addNameRange     '2.8.8',
35 silly addNameRange     '2.8.9',
35 silly addNameRange     '2.8.10',
35 silly addNameRange     '2.8.11',
35 silly addNameRange     '2.8.12',
35 silly addNameRange     '2.8.13',
35 silly addNameRange     '2.8.14',
35 silly addNameRange     '2.8.15',
35 silly addNameRange     '2.8.16',
35 silly addNameRange     '2.8.17',
35 silly addNameRange     '2.8.18',
35 silly addNameRange     '2.8.19',
35 silly addNameRange     '2.8.20',
35 silly addNameRange     '2.8.21',
35 silly addNameRange     '2.8.22',
35 silly addNameRange     '2.8.23',
35 silly addNameRange     '2.8.24',
35 silly addNameRange     '2.8.25',
35 silly addNameRange     '2.9.0',
35 silly addNameRange     '2.9.1',
35 silly addNameRange     '2.9.2',
35 silly addNameRange     '2.9.3',
35 silly addNameRange     '2.9.4',
35 silly addNameRange     '2.9.5',
35 silly addNameRange     '2.9.6',
35 silly addNameRange     '2.9.7',
35 silly addNameRange     '3.0.0-rc1',
35 silly addNameRange     '3.0.0-rc1-1',
35 silly addNameRange     '3.0.0-rc1-3',
35 silly addNameRange     '3.0.0',
35 silly addNameRange     '3.0.1',
35 silly addNameRange     '3.0.2',
35 silly addNameRange     '3.0.3',
35 silly addNameRange     '3.0.4',
35 silly addNameRange     '3.0.5',
35 silly addNameRange     '3.0.6',
35 silly addNameRange     '3.0.7',
35 silly addNameRange     '3.0.8',
35 silly addNameRange     '3.0.9',
35 silly addNameRange     '3.0.10',
35 silly addNameRange     '3.1.0-0.1.0',
35 silly addNameRange     '3.1.0-0.2.0',
35 silly addNameRange     '3.2.0-rc.1',
35 silly addNameRange     '3.2.0-0.1.0',
35 silly addNameRange     '3.2.0-0.2.0',
35 silly addNameRange     '3.2.0-0.3.0',
35 silly addNameRange     '3.2.0-0.4.0',
35 silly addNameRange     '3.3.0-rc.1',
35 silly addNameRange     '3.3.0-0.1.1',
35 silly addNameRange     '3.3.1-0.1.2',
35 silly addNameRange     '2.9.0-rc1',
35 silly addNameRange     '3.3.1-0.3.0',
35 silly addNameRange     '3.3.1-0.3.1',
35 silly addNameRange     '3.3.1-0.4.1',
35 silly addNameRange     '3.3.1-0.4.2',
35 silly addNameRange     '3.4.0-0.1.0',
35 silly addNameRange     '3.4.0-0.1.1',
35 silly addNameRange     '3.4.0-0.1.2',
35 silly addNameRange     '3.4.0-0.1.3',
35 silly addNameRange     '0.0.0-fake',
35 silly addNameRange     '3.4.1-0.1.0',
35 silly addNameRange     '3.5.0-0.2.0',
35 silly addNameRange     '3.5.0-0.2.1',
35 silly addNameRange     '3.5.0-0.2.2',
35 silly addNameRange     '3.5.0-0.2.3',
35 silly addNameRange     '3.5.0-0.2.4',
35 silly addNameRange     '3.5.0-0.2.6',
35 silly addNameRange     '3.5.0-0.2.7',
35 silly addNameRange     '3.6.0-0.2.8',
35 silly addNameRange     '3.6.0-0.2.9',
35 silly addNameRange     '3.6.1-0.2.10',
35 silly addNameRange     '3.6.3-0.2.11',
35 silly addNameRange     '3.6.3-0.2.12',
35 silly addNameRange     '3.6.3-0.2.13',
35 silly addNameRange     '4.0.0',
35 silly addNameRange     '4.0.1',
35 silly addNameRange     '4.1.0',
35 silly addNameRange     '4.1.1',
35 silly addNameRange     '4.1.2',
35 silly addNameRange     '4.1.3-nightly.2014.10.21',
35 silly addNameRange     '4.2.0',
35 silly addNameRange     '4.3.0',
35 silly addNameRange     '5.0.0',
35 silly addNameRange     '4.3.1',
35 silly addNameRange     '5.1.1',
35 silly addNameRange     '5.2.0',
35 silly addNameRange     '5.3.1',
35 silly addNameRange     '5.3.3' ] ]
36 silly addNamed cordova@5.3.3
37 verbose addNamed "5.3.3" is a plain semver version for cordova
38 silly cache afterAdd cordova@5.3.3
39 verbose afterAdd /Users/MAbdulSami/.npm/cordova/5.3.3/package/package.json not in flight; writing
40 verbose afterAdd /Users/MAbdulSami/.npm/cordova/5.3.3/package/package.json written
41 silly install resolved [ { name: 'cordova',
41 silly install resolved     version: '5.3.3',
41 silly install resolved     preferGlobal: 'true',
41 silly install resolved     description: 'Cordova command line interface tool',
41 silly install resolved     main: 'cordova',
41 silly install resolved     engines: { node: '>=0.9.9' },
41 silly install resolved     engineStrict: true,
41 silly install resolved     bin: { cordova: './bin/cordova' },
41 silly install resolved     scripts:
41 silly install resolved      { test: 'node node_modules/jasmine-node/bin/jasmine-node --captureExceptions --color spec',
41 silly install resolved        cover: 'node node_modules/istanbul/lib/cli.js cover --root src --print detail node_modules/jasmine-node/bin/jasmine-node -- spec' },
41 silly install resolved     repository:
41 silly install resolved      { type: 'git',
41 silly install resolved        url: 'https://git-wip-us.apache.org/repos/asf/cordova-cli.git' },
41 silly install resolved     bugs:
41 silly install resolved      { url: 'https://issues.apache.org/jira/browse/CB',
41 silly install resolved        email: 'dev@cordova.apache.org' },
41 silly install resolved     keywords: [ 'cordova', 'client', 'cli' ],
41 silly install resolved     dependencies:
41 silly install resolved      { 'cordova-lib': '5.3.3',
41 silly install resolved        q: '1.0.1',
41 silly install resolved        nopt: '3.0.1',
41 silly install resolved        underscore: '1.7.0' },
41 silly install resolved     devDependencies:
41 silly install resolved      { istanbul: '^0.3.4',
41 silly install resolved        grunt: '0.4.5',
41 silly install resolved        'grunt-retire': '0.3.7',
41 silly install resolved        'jasmine-node': '1.14.5' },
41 silly install resolved     author: { name: 'Anis Kadri' },
41 silly install resolved     contributors:
41 silly install resolved      [ [Object],
41 silly install resolved        [Object],
41 silly install resolved        [Object],
41 silly install resolved        [Object],
41 silly install resolved        [Object],
41 silly install resolved        [Object],
41 silly install resolved        [Object],
41 silly install resolved        [Object],
41 silly install resolved        [Object],
41 silly install resolved        [Object],
41 silly install resolved        [Object],
41 silly install resolved        [Object],
41 silly install resolved        [Object],
41 silly install resolved        [Object],
41 silly install resolved        [Object],
41 silly install resolved        [Object],
41 silly install resolved        [Object],
41 silly install resolved        [Object],
41 silly install resolved        [Object],
41 silly install resolved        [Object],
41 silly install resolved        [Object],
41 silly install resolved        [Object],
41 silly install resolved        [Object],
41 silly install resolved        [Object] ],
41 silly install resolved     license: 'Apache version 2.0',
41 silly install resolved     _id: 'cordova@5.3.3',
41 silly install resolved     _shasum: 'd8933ea57cf4d390a1c86d0b43def76f61fb4d76',
41 silly install resolved     _resolved: 'https://registry.npmjs.org/cordova/-/cordova-5.3.3.tgz',
41 silly install resolved     _from: 'cordova@*',
41 silly install resolved     _npmVersion: '2.14.2',
41 silly install resolved     _nodeVersion: '4.0.0',
41 silly install resolved     _npmUser:
41 silly install resolved      { name: 'kotikov.vladimir',
41 silly install resolved        email: 'kotikov.vladimir@gmail.com' },
41 silly install resolved     dist:
41 silly install resolved      { shasum: 'd8933ea57cf4d390a1c86d0b43def76f61fb4d76',
41 silly install resolved        tarball: 'http://registry.npmjs.org/cordova/-/cordova-5.3.3.tgz' },
41 silly install resolved     maintainers:
41 silly install resolved      [ [Object],
41 silly install resolved        [Object],
41 silly install resolved        [Object],
41 silly install resolved        [Object],
41 silly install resolved        [Object],
41 silly install resolved        [Object],
41 silly install resolved        [Object],
41 silly install resolved        [Object],
41 silly install resolved        [Object],
41 silly install resolved        [Object],
41 silly install resolved        [Object],
41 silly install resolved        [Object],
41 silly install resolved        [Object],
41 silly install resolved        [Object],
41 silly install resolved        [Object],
41 silly install resolved        [Object],
41 silly install resolved        [Object],
41 silly install resolved        [Object] ],
41 silly install resolved     directories: {},
41 silly install resolved     readme: 'ERROR: No README data found!' } ]
42 info install cordova@5.3.3 into /usr/local/lib
43 info installOne cordova@5.3.3
44 verbose installOne of cordova to /usr/local/lib not in flight; installing
45 verbose lock using /Users/MAbdulSami/.npm/_locks/cordova-fa12e2e096426a32.lock for /usr/local/lib/node_modules/cordova
46 silly install write writing cordova 5.3.3 to /usr/local/lib/node_modules/cordova
47 verbose unbuild lib/node_modules/cordova
48 silly gentlyRm /usr/local/lib/node_modules/cordova is being purged from base /usr/local
49 verbose gentlyRm don't care about contents; nuking /usr/local/lib/node_modules/cordova
50 verbose tar unpack /Users/MAbdulSami/.npm/cordova/5.3.3/package.tgz
51 verbose tar unpacking to /usr/local/lib/node_modules/cordova
52 silly gentlyRm /usr/local/lib/node_modules/cordova is being purged
53 verbose gentlyRm don't care about contents; nuking /usr/local/lib/node_modules/cordova
54 silly gunzTarPerm modes [ '755', '644' ]
55 error tar.unpack untar error /Users/MAbdulSami/.npm/cordova/5.3.3/package.tgz
56 verbose unlock done using /Users/MAbdulSami/.npm/_locks/cordova-fa12e2e096426a32.lock for /usr/local/lib/node_modules/cordova
57 verbose fstream_path /usr/local/lib/node_modules/cordova
58 verbose fstream_type Directory
59 verbose fstream_class DirWriter
60 verbose stack Error: EACCES: permission denied, mkdir '/usr/local/lib/node_modules/cordova'
60 verbose stack     at Error (native)
61 verbose fstream_stack /usr/local/lib/node_modules/npm/node_modules/fstream/lib/dir-writer.js:35:25
61 verbose fstream_stack /usr/local/lib/node_modules/npm/node_modules/mkdirp/index.js:47:53
61 verbose fstream_stack FSReqWrap.oncomplete (fs.js:82:15)
62 verbose cwd /Users/MAbdulSami/k-TaskNotes-Cheddar-iOS
63 error Darwin 14.3.0
64 error argv "/usr/local/bin/node" "/usr/local/bin/npm" "install" "-g" "cordova"
65 error node v4.2.1
66 error npm  v2.14.7
67 error path /usr/local/lib/node_modules/cordova
68 error code EACCES
69 error errno -13
70 error syscall mkdir
71 error Error: EACCES: permission denied, mkdir '/usr/local/lib/node_modules/cordova'
71 error     at Error (native)
71 error  { [Error: EACCES: permission denied, mkdir '/usr/local/lib/node_modules/cordova']
71 error   errno: -13,
71 error   code: 'EACCES',
71 error   syscall: 'mkdir',
71 error   path: '/usr/local/lib/node_modules/cordova',
71 error   fstream_type: 'Directory',
71 error   fstream_path: '/usr/local/lib/node_modules/cordova',
71 error   fstream_class: 'DirWriter',
71 error   fstream_stack:
71 error    [ '/usr/local/lib/node_modules/npm/node_modules/fstream/lib/dir-writer.js:35:25',
71 error      '/usr/local/lib/node_modules/npm/node_modules/mkdirp/index.js:47:53',
71 error      'FSReqWrap.oncomplete (fs.js:82:15)' ] }
72 error Please try running this command again as root/Administrator.
73 verbose exit [ -13, true ]
74 verbose unbuild lib/node_modules/cordova
75 silly gentlyRm /usr/local/lib/node_modules/cordova is being purged from base /usr/local
76 verbose gentlyRm don't care about contents; nuking /usr/local/lib/node_modules/cordova
